\BOOKMARK [1][-]{section.1}{Purpose Goals}{}% 1
\BOOKMARK [1][-]{section.2}{Intel NUC \(Nathan Healea\)}{}% 2
\BOOKMARK [2][-]{subsection.2.1}{Current Status}{section.2}% 3
\BOOKMARK [2][-]{subsection.2.2}{Problems that have impeded progress}{section.2}% 4
\BOOKMARK [2][-]{subsection.2.3}{Solutions}{section.2}% 5
\BOOKMARK [1][-]{section.3}{User Interface \(Nathan Healea\)}{}% 6
\BOOKMARK [2][-]{subsection.3.1}{Current Status}{section.3}% 7
\BOOKMARK [2][-]{subsection.3.2}{Problems that have impeded progress}{section.3}% 8
\BOOKMARK [2][-]{subsection.3.3}{Solutions}{section.3}% 9
\BOOKMARK [1][-]{section.4}{Data Sanitization and Processing \(Nathan Healea\)}{}% 10
\BOOKMARK [2][-]{subsection.4.1}{Current Status}{section.4}% 11
\BOOKMARK [2][-]{subsection.4.2}{Problems that have impeded progress}{section.4}% 12
\BOOKMARK [2][-]{subsection.4.3}{Solutions}{section.4}% 13
\BOOKMARK [1][-]{section.5}{User Authentication and Sessions \(Nathan Healea\)}{}% 14
\BOOKMARK [2][-]{subsection.5.1}{Current Status}{section.5}% 15
\BOOKMARK [2][-]{subsection.5.2}{Problems that have impeded progress}{section.5}% 16
\BOOKMARK [2][-]{subsection.5.3}{Solutions}{section.5}% 17
\BOOKMARK [1][-]{section.6}{Navigation \(Stephen Krueger\)}{}% 18
\BOOKMARK [2][-]{subsection.6.1}{Current Status}{section.6}% 19
\BOOKMARK [2][-]{subsection.6.2}{Problems that have impeded progress}{section.6}% 20
\BOOKMARK [2][-]{subsection.6.3}{Solutions}{section.6}% 21
\BOOKMARK [1][-]{section.7}{Path-finding \(Stephen Krueger\)}{}% 22
\BOOKMARK [2][-]{subsection.7.1}{Current Status}{section.7}% 23
\BOOKMARK [2][-]{subsection.7.2}{Problems that have impeded progress}{section.7}% 24
\BOOKMARK [2][-]{subsection.7.3}{Solutions}{section.7}% 25
\BOOKMARK [1][-]{section.8}{Database \(Stephen Krueger\)}{}% 26
\BOOKMARK [2][-]{subsection.8.1}{Current Status}{section.8}% 27
\BOOKMARK [2][-]{subsection.8.2}{Problems that have impeded progress}{section.8}% 28
\BOOKMARK [2][-]{subsection.8.3}{Solutions}{section.8}% 29
\BOOKMARK [1][-]{section.9}{Framework \(Matthew Zakrevsky\)}{}% 30
\BOOKMARK [2][-]{subsection.9.1}{Current Status}{section.9}% 31
\BOOKMARK [2][-]{subsection.9.2}{Problems that have impeded progress}{section.9}% 32
\BOOKMARK [2][-]{subsection.9.3}{Solutions}{section.9}% 33
\BOOKMARK [1][-]{section.10}{SVG Rendering and Map Drawing \(Matthew Zakrevsky\)}{}% 34
\BOOKMARK [2][-]{subsection.10.1}{Current Status}{section.10}% 35
\BOOKMARK [2][-]{subsection.10.2}{Problems that have impeded progress}{section.10}% 36
\BOOKMARK [2][-]{subsection.10.3}{Solutions}{section.10}% 37
\BOOKMARK [1][-]{section.11}{Search Functionality \(Matthew Zakrevsky\)}{}% 38
\BOOKMARK [2][-]{subsection.11.1}{Current Status}{section.11}% 39
\BOOKMARK [2][-]{subsection.11.2}{Problems that have impeded progress}{section.11}% 40
\BOOKMARK [2][-]{subsection.11.3}{Solutions}{section.11}% 41
